<?xml version="1.0" encoding="UTF-8"?>
<!-- Generated by org.testng.reporters.JUnitXMLReporter -->
<testsuite hostname="USWHBWD00208484" ignored="0" name="Default test" tests="15" failures="1" timestamp="2019-10-28T11:27:49 PDT" time="1116.253" errors="0">
  <testcase name="userProfileChangeSearchPreferences" time="164.687" classname="digs_Smoke_Test_Cases.User_Profile_Change_Search_Preferences"/>
  <testcase name="invalidCredentials" time="13.58" classname="digs_Smoke_Test_Cases.Invalid_Credentials"/>
  <testcase name="login" time="28.066" classname="digs_Smoke_Test_Cases.Login_To_DiGS"/>
  <testcase name="login" time="21.655" classname="digs_Smoke_Test_Cases.Login_To_DiGS"/>
  <testcase name="quickSearchForUPC" time="43.703" classname="digs_Smoke_Test_Cases.Quick_Search_For_UPC"/>
  <testcase name="chartRulesSearch" time="50.227" classname="digs_Smoke_Test_Cases.Chart_Rules_Search"/>
  <testcase name="userProfileChangeBasicPreferences" time="106.686" classname="digs_Smoke_Test_Cases.User_Profile_Change_Basic_Preferences"/>
  <testcase name="localRowFilter" time="63.922" classname="digs_Smoke_Test_Cases.Verify_Buttons_Local_Row_Filter"/>
  <testcase name="automaticOptOut" time="50.314" classname="digs_Smoke_Test_Cases.Automatic_OptOut"/>
  <testcase name="cdlMappings" time="110.001" classname="digs_Smoke_Test_Cases.CDL_Mappings">
    <failure type="atu.testng.reports.exceptions.ATUReporterStepFailedException">
      <![CDATA[[ATU Custom Reporter Step Failed Exception]
at atu.testng.reports.ATUReports.stepFailureHandler(Unknown Source)
at atu.testng.reports.ATUReports.add(Unknown Source)
at digs_Smoke_Test_Cases.Wrapper.clickByXpath(Wrapper.java:219)
at digs_Smoke_Test_Cases.CDL_Mappings.cdlMappings(CDL_Mappings.java:35)
at java.util.ArrayList.forEach(Unknown Source)
... Removed 27 stack frames]]>
    </failure>
  </testcase> <!-- cdlMappings -->
  <testcase name="releasingFamily" time="28.114" classname="digs_Smoke_Test_Cases.Releasing_Family"/>
  <testcase name="managedTerritory" time="28.764" classname="digs_Smoke_Test_Cases.Managed_Territory"/>
  <testcase name="customTerritoryGrouping" time="28.366" classname="digs_Smoke_Test_Cases.Custom_Territory_Grouping"/>
  <testcase name="userProfileAddEditNotification" time="264.001" classname="digs_Smoke_Test_Cases.User_Profile_Add_Edit_Notification"/>
  <testcase name="advancedSearch" time="113.314" classname="digs_Smoke_Test_Cases.Advanced_Search"/>
</testsuite> <!-- Default test -->
