<?xml version="1.0" encoding="UTF-8"?>
<testng-results skipped="0" failed="1" ignored="0" total="15" passed="14">
  <reporter-output>
    <line>
      <![CDATA[STEP1]]>
    </line>
    <line>
      <![CDATA[STEP2]]>
    </line>
    <line>
      <![CDATA[STEP3]]>
    </line>
    <line>
      <![CDATA[STEP4]]>
    </line>
    <line>
      <![CDATA[STEP5]]>
    </line>
    <line>
      <![CDATA[STEP6]]>
    </line>
    <line>
      <![CDATA[STEP7]]>
    </line>
    <line>
      <![CDATA[STEP8]]>
    </line>
    <line>
      <![CDATA[STEP9]]>
    </line>
    <line>
      <![CDATA[STEP10]]>
    </line>
    <line>
      <![CDATA[STEP11]]>
    </line>
    <line>
      <![CDATA[STEP12]]>
    </line>
    <line>
      <![CDATA[STEP13]]>
    </line>
    <line>
      <![CDATA[STEP14]]>
    </line>
    <line>
      <![CDATA[STEP15]]>
    </line>
    <line>
      <![CDATA[STEP16]]>
    </line>
    <line>
      <![CDATA[STEP17]]>
    </line>
    <line>
      <![CDATA[STEP18]]>
    </line>
    <line>
      <![CDATA[STEP19]]>
    </line>
    <line>
      <![CDATA[STEP20]]>
    </line>
    <line>
      <![CDATA[STEP21]]>
    </line>
    <line>
      <![CDATA[STEP22]]>
    </line>
    <line>
      <![CDATA[STEP23]]>
    </line>
    <line>
      <![CDATA[STEP24]]>
    </line>
    <line>
      <![CDATA[STEP25]]>
    </line>
    <line>
      <![CDATA[STEP26]]>
    </line>
    <line>
      <![CDATA[STEP27]]>
    </line>
    <line>
      <![CDATA[STEP28]]>
    </line>
    <line>
      <![CDATA[STEP29]]>
    </line>
    <line>
      <![CDATA[STEP30]]>
    </line>
    <line>
      <![CDATA[STEP31]]>
    </line>
    <line>
      <![CDATA[STEP32]]>
    </line>
    <line>
      <![CDATA[STEP33]]>
    </line>
    <line>
      <![CDATA[STEP34]]>
    </line>
    <line>
      <![CDATA[STEP35]]>
    </line>
    <line>
      <![CDATA[STEP36]]>
    </line>
    <line>
      <![CDATA[STEP37]]>
    </line>
    <line>
      <![CDATA[STEP38]]>
    </line>
    <line>
      <![CDATA[STEP39]]>
    </line>
    <line>
      <![CDATA[STEP40]]>
    </line>
    <line>
      <![CDATA[STEP41]]>
    </line>
    <line>
      <![CDATA[STEP42]]>
    </line>
    <line>
      <![CDATA[STEP43]]>
    </line>
    <line>
      <![CDATA[STEP44]]>
    </line>
    <line>
      <![CDATA[STEP45]]>
    </line>
    <line>
      <![CDATA[STEP46]]>
    </line>
    <line>
      <![CDATA[STEP47]]>
    </line>
    <line>
      <![CDATA[STEP48]]>
    </line>
    <line>
      <![CDATA[STEP49]]>
    </line>
    <line>
      <![CDATA[STEP50]]>
    </line>
    <line>
      <![CDATA[STEP51]]>
    </line>
    <line>
      <![CDATA[STEP52]]>
    </line>
    <line>
      <![CDATA[STEP53]]>
    </line>
    <line>
      <![CDATA[STEP54]]>
    </line>
    <line>
      <![CDATA[STEP55]]>
    </line>
    <line>
      <![CDATA[STEP56]]>
    </line>
    <line>
      <![CDATA[STEP57]]>
    </line>
    <line>
      <![CDATA[STEP58]]>
    </line>
    <line>
      <![CDATA[STEP59]]>
    </line>
    <line>
      <![CDATA[STEP60]]>
    </line>
    <line>
      <![CDATA[STEP61]]>
    </line>
    <line>
      <![CDATA[STEP62]]>
    </line>
    <line>
      <![CDATA[STEP63]]>
    </line>
    <line>
      <![CDATA[STEP64]]>
    </line>
    <line>
      <![CDATA[STEP65]]>
    </line>
    <line>
      <![CDATA[STEP66]]>
    </line>
    <line>
      <![CDATA[STEP67]]>
    </line>
    <line>
      <![CDATA[STEP68]]>
    </line>
    <line>
      <![CDATA[STEP69]]>
    </line>
    <line>
      <![CDATA[STEP70]]>
    </line>
    <line>
      <![CDATA[STEP71]]>
    </line>
    <line>
      <![CDATA[STEP72]]>
    </line>
    <line>
      <![CDATA[STEP73]]>
    </line>
    <line>
      <![CDATA[STEP74]]>
    </line>
    <line>
      <![CDATA[STEP75]]>
    </line>
    <line>
      <![CDATA[STEP76]]>
    </line>
    <line>
      <![CDATA[STEP77]]>
    </line>
    <line>
      <![CDATA[STEP78]]>
    </line>
    <line>
      <![CDATA[STEP79]]>
    </line>
    <line>
      <![CDATA[STEP80]]>
    </line>
    <line>
      <![CDATA[STEP81]]>
    </line>
    <line>
      <![CDATA[STEP82]]>
    </line>
    <line>
      <![CDATA[STEP83]]>
    </line>
    <line>
      <![CDATA[STEP84]]>
    </line>
    <line>
      <![CDATA[STEP85]]>
    </line>
    <line>
      <![CDATA[STEP86]]>
    </line>
    <line>
      <![CDATA[STEP87]]>
    </line>
    <line>
      <![CDATA[STEP88]]>
    </line>
    <line>
      <![CDATA[STEP89]]>
    </line>
    <line>
      <![CDATA[STEP90]]>
    </line>
    <line>
      <![CDATA[STEP91]]>
    </line>
    <line>
      <![CDATA[STEP92]]>
    </line>
    <line>
      <![CDATA[STEP93]]>
    </line>
    <line>
      <![CDATA[STEP94]]>
    </line>
    <line>
      <![CDATA[STEP95]]>
    </line>
    <line>
      <![CDATA[STEP96]]>
    </line>
    <line>
      <![CDATA[STEP97]]>
    </line>
    <line>
      <![CDATA[STEP98]]>
    </line>
    <line>
      <![CDATA[STEP99]]>
    </line>
    <line>
      <![CDATA[STEP100]]>
    </line>
    <line>
      <![CDATA[STEP101]]>
    </line>
    <line>
      <![CDATA[STEP102]]>
    </line>
    <line>
      <![CDATA[STEP103]]>
    </line>
    <line>
      <![CDATA[STEP104]]>
    </line>
    <line>
      <![CDATA[STEP105]]>
    </line>
    <line>
      <![CDATA[STEP106]]>
    </line>
    <line>
      <![CDATA[STEP107]]>
    </line>
    <line>
      <![CDATA[STEP108]]>
    </line>
    <line>
      <![CDATA[STEP109]]>
    </line>
    <line>
      <![CDATA[STEP110]]>
    </line>
    <line>
      <![CDATA[STEP111]]>
    </line>
    <line>
      <![CDATA[STEP112]]>
    </line>
    <line>
      <![CDATA[STEP113]]>
    </line>
    <line>
      <![CDATA[STEP114]]>
    </line>
    <line>
      <![CDATA[STEP115]]>
    </line>
    <line>
      <![CDATA[STEP116]]>
    </line>
    <line>
      <![CDATA[STEP117]]>
    </line>
    <line>
      <![CDATA[STEP118]]>
    </line>
    <line>
      <![CDATA[STEP119]]>
    </line>
    <line>
      <![CDATA[STEP120]]>
    </line>
    <line>
      <![CDATA[STEP121]]>
    </line>
    <line>
      <![CDATA[STEP122]]>
    </line>
    <line>
      <![CDATA[STEP123]]>
    </line>
    <line>
      <![CDATA[STEP124]]>
    </line>
    <line>
      <![CDATA[STEP125]]>
    </line>
    <line>
      <![CDATA[STEP126]]>
    </line>
    <line>
      <![CDATA[STEP127]]>
    </line>
    <line>
      <![CDATA[STEP128]]>
    </line>
    <line>
      <![CDATA[STEP129]]>
    </line>
    <line>
      <![CDATA[STEP130]]>
    </line>
    <line>
      <![CDATA[STEP131]]>
    </line>
    <line>
      <![CDATA[STEP132]]>
    </line>
    <line>
      <![CDATA[STEP133]]>
    </line>
    <line>
      <![CDATA[STEP134]]>
    </line>
    <line>
      <![CDATA[STEP135]]>
    </line>
    <line>
      <![CDATA[STEP136]]>
    </line>
    <line>
      <![CDATA[STEP137]]>
    </line>
    <line>
      <![CDATA[STEP138]]>
    </line>
    <line>
      <![CDATA[STEP139]]>
    </line>
    <line>
      <![CDATA[STEP140]]>
    </line>
    <line>
      <![CDATA[STEP141]]>
    </line>
    <line>
      <![CDATA[STEP142]]>
    </line>
    <line>
      <![CDATA[STEP143]]>
    </line>
    <line>
      <![CDATA[STEP144]]>
    </line>
    <line>
      <![CDATA[STEP145]]>
    </line>
    <line>
      <![CDATA[STEP146]]>
    </line>
    <line>
      <![CDATA[STEP147]]>
    </line>
    <line>
      <![CDATA[STEP148]]>
    </line>
    <line>
      <![CDATA[STEP149]]>
    </line>
    <line>
      <![CDATA[STEP150]]>
    </line>
    <line>
      <![CDATA[STEP151]]>
    </line>
    <line>
      <![CDATA[STEP152]]>
    </line>
    <line>
      <![CDATA[STEP153]]>
    </line>
    <line>
      <![CDATA[STEP154]]>
    </line>
    <line>
      <![CDATA[STEP155]]>
    </line>
    <line>
      <![CDATA[STEP156]]>
    </line>
    <line>
      <![CDATA[STEP157]]>
    </line>
    <line>
      <![CDATA[STEP158]]>
    </line>
    <line>
      <![CDATA[STEP159]]>
    </line>
    <line>
      <![CDATA[STEP160]]>
    </line>
    <line>
      <![CDATA[STEP161]]>
    </line>
    <line>
      <![CDATA[STEP162]]>
    </line>
    <line>
      <![CDATA[STEP163]]>
    </line>
    <line>
      <![CDATA[STEP164]]>
    </line>
    <line>
      <![CDATA[STEP165]]>
    </line>
    <line>
      <![CDATA[STEP166]]>
    </line>
    <line>
      <![CDATA[STEP167]]>
    </line>
    <line>
      <![CDATA[STEP168]]>
    </line>
    <line>
      <![CDATA[STEP169]]>
    </line>
  </reporter-output>
  <suite name="Suite1" duration-ms="1116253" started-at="2019-10-28T11:09:13 PDT" finished-at="2019-10-28T11:27:49 PDT">
    <groups>
    </groups>
    <test name="Default test" duration-ms="1116253" started-at="2019-10-28T11:09:13 PDT" finished-at="2019-10-28T11:27:49 PDT">
      <class name="digs_Smoke_Test_Cases.User_Profile_Change_Search_Preferences">
        <test-method status="PASS" signature="userProfileChangeSearchPreferences(java.lang.String, java.lang.String)[pri:0, instance:digs_Smoke_Test_Cases.User_Profile_Change_Search_Preferences@7fad8c79]" name="userProfileChangeSearchPreferences" duration-ms="164687" started-at="2019-10-28T11:09:13 PDT" data-provider="Credential" finished-at="2019-10-28T11:11:58 PDT">
          <params>
            <param index="0">
              <value>
                <![CDATA[amudans]]>
              </value>
            </param>
            <param index="1">
              <value>
                <![CDATA[http://digs-uat.umusic.net/]]>
              </value>
            </param>
          </params>
          <reporter-output>
            <line>
              <![CDATA[STEP1]]>
            </line>
            <line>
              <![CDATA[STEP2]]>
            </line>
            <line>
              <![CDATA[STEP3]]>
            </line>
            <line>
              <![CDATA[STEP4]]>
            </line>
            <line>
              <![CDATA[STEP5]]>
            </line>
            <line>
              <![CDATA[STEP6]]>
            </line>
            <line>
              <![CDATA[STEP7]]>
            </line>
            <line>
              <![CDATA[STEP8]]>
            </line>
            <line>
              <![CDATA[STEP9]]>
            </line>
            <line>
              <![CDATA[STEP10]]>
            </line>
            <line>
              <![CDATA[STEP11]]>
            </line>
            <line>
              <![CDATA[STEP12]]>
            </line>
            <line>
              <![CDATA[STEP13]]>
            </line>
            <line>
              <![CDATA[STEP14]]>
            </line>
            <line>
              <![CDATA[STEP15]]>
            </line>
            <line>
              <![CDATA[STEP16]]>
            </line>
            <line>
              <![CDATA[STEP17]]>
            </line>
            <line>
              <![CDATA[STEP18]]>
            </line>
            <line>
              <![CDATA[STEP19]]>
            </line>
            <line>
              <![CDATA[STEP20]]>
            </line>
            <line>
              <![CDATA[STEP21]]>
            </line>
            <line>
              <![CDATA[STEP22]]>
            </line>
          </reporter-output>
        </test-method> <!-- userProfileChangeSearchPreferences -->
      </class> <!-- digs_Smoke_Test_Cases.User_Profile_Change_Search_Preferences -->
      <class name="digs_Smoke_Test_Cases.Releasing_Family">
        <test-method status="PASS" signature="releasingFamily(java.lang.String, java.lang.String)[pri:0, instance:digs_Smoke_Test_Cases.Releasing_Family@31206beb]" name="releasingFamily" duration-ms="28114" started-at="2019-10-28T11:20:07 PDT" data-provider="Credentials" finished-at="2019-10-28T11:20:35 PDT">
          <params>
            <param index="0">
              <value>
                <![CDATA[amudans]]>
              </value>
            </param>
            <param index="1">
              <value>
                <![CDATA[http://digs-uat.umusic.net/]]>
              </value>
            </param>
          </params>
          <reporter-output>
            <line>
              <![CDATA[STEP121]]>
            </line>
            <line>
              <![CDATA[STEP122]]>
            </line>
            <line>
              <![CDATA[STEP123]]>
            </line>
            <line>
              <![CDATA[STEP124]]>
            </line>
            <line>
              <![CDATA[STEP125]]>
            </line>
            <line>
              <![CDATA[STEP126]]>
            </line>
          </reporter-output>
        </test-method> <!-- releasingFamily -->
      </class> <!-- digs_Smoke_Test_Cases.Releasing_Family -->
      <class name="digs_Smoke_Test_Cases.Automatic_OptOut">
        <test-method status="PASS" signature="automaticOptOut(java.lang.String, java.lang.String, java.lang.String)[pri:0, instance:digs_Smoke_Test_Cases.Automatic_OptOut@11e21d0e]" name="automaticOptOut" duration-ms="50314" started-at="2019-10-28T11:17:26 PDT" data-provider="Credential" finished-at="2019-10-28T11:18:17 PDT">
          <params>
            <param index="0">
              <value>
                <![CDATA[amudans]]>
              </value>
            </param>
            <param index="1">
              <value>
                <![CDATA[http://digs-uat.umusic.net/]]>
              </value>
            </param>
            <param index="2">
              <value>
                <![CDATA[VIEW / EDIT AUTOMATIC OPT-OUTS]]>
              </value>
            </param>
          </params>
          <reporter-output>
            <line>
              <![CDATA[STEP104]]>
            </line>
            <line>
              <![CDATA[STEP105]]>
            </line>
            <line>
              <![CDATA[STEP106]]>
            </line>
            <line>
              <![CDATA[STEP107]]>
            </line>
            <line>
              <![CDATA[STEP108]]>
            </line>
            <line>
              <![CDATA[STEP109]]>
            </line>
            <line>
              <![CDATA[STEP110]]>
            </line>
            <line>
              <![CDATA[STEP111]]>
            </line>
            <line>
              <![CDATA[STEP112]]>
            </line>
            <line>
              <![CDATA[STEP113]]>
            </line>
          </reporter-output>
        </test-method> <!-- automaticOptOut -->
      </class> <!-- digs_Smoke_Test_Cases.Automatic_OptOut -->
      <class name="digs_Smoke_Test_Cases.Quick_Search_For_UPC">
        <test-method status="PASS" signature="quickSearchForUPC(java.lang.String, java.lang.String, java.lang.String)[pri:0, instance:digs_Smoke_Test_Cases.Quick_Search_For_UPC@5e25a92e]" name="quickSearchForUPC" duration-ms="43703" started-at="2019-10-28T11:13:02 PDT" data-provider="UPC" finished-at="2019-10-28T11:13:45 PDT">
          <params>
            <param index="0">
              <value>
                <![CDATA[amudans]]>
              </value>
            </param>
            <param index="1">
              <value>
                <![CDATA[http://digs-uat.umusic.net/]]>
              </value>
            </param>
            <param index="2">
              <value>
                <![CDATA[00602547536525]]>
              </value>
            </param>
          </params>
          <reporter-output>
            <line>
              <![CDATA[STEP39]]>
            </line>
            <line>
              <![CDATA[STEP40]]>
            </line>
            <line>
              <![CDATA[STEP41]]>
            </line>
            <line>
              <![CDATA[STEP42]]>
            </line>
            <line>
              <![CDATA[STEP43]]>
            </line>
            <line>
              <![CDATA[STEP44]]>
            </line>
          </reporter-output>
        </test-method> <!-- quickSearchForUPC -->
      </class> <!-- digs_Smoke_Test_Cases.Quick_Search_For_UPC -->
      <class name="digs_Smoke_Test_Cases.CDL_Mappings">
        <test-method status="FAIL" signature="cdlMappings(java.lang.String, java.lang.String, java.lang.String)[pri:0, instance:digs_Smoke_Test_Cases.CDL_Mappings@1dd02175]" name="cdlMappings" duration-ms="110001" started-at="2019-10-28T11:18:17 PDT" data-provider="Credential" finished-at="2019-10-28T11:20:07 PDT">
          <params>
            <param index="0">
              <value>
                <![CDATA[amudans]]>
              </value>
            </param>
            <param index="1">
              <value>
                <![CDATA[http://digs-uat.umusic.net/]]>
              </value>
            </param>
            <param index="2">
              <value>
                <![CDATA[Success!]]>
              </value>
            </param>
          </params>
          <exception class="atu.testng.reports.exceptions.ATUReporterStepFailedException">
            <full-stacktrace>
              <![CDATA[[ATU Custom Reporter Step Failed Exception]
at atu.testng.reports.ATUReports.stepFailureHandler(Unknown Source)
at atu.testng.reports.ATUReports.add(Unknown Source)
at digs_Smoke_Test_Cases.Wrapper.clickByXpath(Wrapper.java:219)
at digs_Smoke_Test_Cases.CDL_Mappings.cdlMappings(CDL_Mappings.java:35)
at sun.reflect.NativeMethodAccessorImpl.invoke0(Native Method)
at sun.reflect.NativeMethodAccessorImpl.invoke(Unknown Source)
at sun.reflect.DelegatingMethodAccessorImpl.invoke(Unknown Source)
at java.lang.reflect.Method.invoke(Unknown Source)
at org.testng.internal.MethodInvocationHelper.invokeMethod(MethodInvocationHelper.java:133)
at org.testng.internal.TestInvoker.invokeMethod(TestInvoker.java:584)
at org.testng.internal.TestInvoker.invokeTestMethod(TestInvoker.java:172)
at org.testng.internal.MethodRunner.runInSequence(MethodRunner.java:46)
at org.testng.internal.TestInvoker$MethodInvocationAgent.invoke(TestInvoker.java:804)
at org.testng.internal.TestInvoker.invokeTestMethods(TestInvoker.java:145)
at org.testng.internal.TestMethodWorker.invokeTestMethods(TestMethodWorker.java:146)
at org.testng.internal.TestMethodWorker.run(TestMethodWorker.java:128)
at java.util.ArrayList.forEach(Unknown Source)
at org.testng.TestRunner.privateRun(TestRunner.java:770)
at org.testng.TestRunner.run(TestRunner.java:591)
at org.testng.SuiteRunner.runTest(SuiteRunner.java:402)
at org.testng.SuiteRunner.runSequentially(SuiteRunner.java:396)
at org.testng.SuiteRunner.privateRun(SuiteRunner.java:355)
at org.testng.SuiteRunner.run(SuiteRunner.java:304)
at org.testng.SuiteRunnerWorker.runSuite(SuiteRunnerWorker.java:53)
at org.testng.SuiteRunnerWorker.run(SuiteRunnerWorker.java:96)
at org.testng.TestNG.runSuitesSequentially(TestNG.java:1180)
at org.testng.TestNG.runSuitesLocally(TestNG.java:1102)
at org.testng.TestNG.runSuites(TestNG.java:1032)
at org.testng.TestNG.run(TestNG.java:1000)
at org.testng.remote.AbstractRemoteTestNG.run(AbstractRemoteTestNG.java:115)
at org.testng.remote.RemoteTestNG.initAndRun(RemoteTestNG.java:251)
at org.testng.remote.RemoteTestNG.main(RemoteTestNG.java:77)
]]>
            </full-stacktrace>
          </exception> <!-- atu.testng.reports.exceptions.ATUReporterStepFailedException -->
          <reporter-output>
            <line>
              <![CDATA[STEP114]]>
            </line>
            <line>
              <![CDATA[STEP115]]>
            </line>
            <line>
              <![CDATA[STEP116]]>
            </line>
            <line>
              <![CDATA[STEP117]]>
            </line>
            <line>
              <![CDATA[STEP118]]>
            </line>
            <line>
              <![CDATA[STEP119]]>
            </line>
            <line>
              <![CDATA[STEP120]]>
            </line>
          </reporter-output>
        </test-method> <!-- cdlMappings -->
      </class> <!-- digs_Smoke_Test_Cases.CDL_Mappings -->
      <class name="digs_Smoke_Test_Cases.Managed_Territory">
        <test-method status="PASS" signature="managedTerritory(java.lang.String, java.lang.String)[pri:0, instance:digs_Smoke_Test_Cases.Managed_Territory@3e77a1ed]" name="managedTerritory" duration-ms="28764" started-at="2019-10-28T11:20:35 PDT" data-provider="Credentials" finished-at="2019-10-28T11:21:03 PDT">
          <params>
            <param index="0">
              <value>
                <![CDATA[amudans]]>
              </value>
            </param>
            <param index="1">
              <value>
                <![CDATA[http://digs-uat.umusic.net/]]>
              </value>
            </param>
          </params>
          <reporter-output>
            <line>
              <![CDATA[STEP127]]>
            </line>
            <line>
              <![CDATA[STEP128]]>
            </line>
            <line>
              <![CDATA[STEP129]]>
            </line>
            <line>
              <![CDATA[STEP130]]>
            </line>
            <line>
              <![CDATA[STEP131]]>
            </line>
            <line>
              <![CDATA[STEP132]]>
            </line>
          </reporter-output>
        </test-method> <!-- managedTerritory -->
      </class> <!-- digs_Smoke_Test_Cases.Managed_Territory -->
      <class name="digs_Smoke_Test_Cases.User_Profile_Change_Basic_Preferences">
        <test-method status="PASS" signature="userProfileChangeBasicPreferences(java.lang.String, java.lang.String, java.lang.String, java.lang.String)[pri:0, instance:digs_Smoke_Test_Cases.User_Profile_Change_Basic_Preferences@b59d31]" name="userProfileChangeBasicPreferences" duration-ms="106686" started-at="2019-10-28T11:14:36 PDT" data-provider="Credential" finished-at="2019-10-28T11:16:22 PDT">
          <params>
            <param index="0">
              <value>
                <![CDATA[amudans]]>
              </value>
            </param>
            <param index="1">
              <value>
                <![CDATA[http://digs-uat.umusic.net/]]>
              </value>
            </param>
            <param index="2">
              <value>
                <![CDATA[Save successful]]>
              </value>
            </param>
            <param index="3">
              <value>
                <![CDATA[Create Page]]>
              </value>
            </param>
          </params>
          <reporter-output>
            <line>
              <![CDATA[STEP52]]>
            </line>
            <line>
              <![CDATA[STEP53]]>
            </line>
            <line>
              <![CDATA[STEP54]]>
            </line>
            <line>
              <![CDATA[STEP55]]>
            </line>
            <line>
              <![CDATA[STEP56]]>
            </line>
            <line>
              <![CDATA[STEP57]]>
            </line>
            <line>
              <![CDATA[STEP58]]>
            </line>
            <line>
              <![CDATA[STEP59]]>
            </line>
            <line>
              <![CDATA[STEP60]]>
            </line>
            <line>
              <![CDATA[STEP61]]>
            </line>
            <line>
              <![CDATA[STEP62]]>
            </line>
            <line>
              <![CDATA[STEP63]]>
            </line>
            <line>
              <![CDATA[STEP64]]>
            </line>
            <line>
              <![CDATA[STEP65]]>
            </line>
            <line>
              <![CDATA[STEP66]]>
            </line>
            <line>
              <![CDATA[STEP67]]>
            </line>
            <line>
              <![CDATA[STEP68]]>
            </line>
            <line>
              <![CDATA[STEP69]]>
            </line>
            <line>
              <![CDATA[STEP70]]>
            </line>
          </reporter-output>
        </test-method> <!-- userProfileChangeBasicPreferences -->
      </class> <!-- digs_Smoke_Test_Cases.User_Profile_Change_Basic_Preferences -->
      <class name="digs_Smoke_Test_Cases.Invalid_Credentials">
        <test-method status="PASS" signature="invalidCredentials(java.lang.String, java.lang.String, java.lang.String)[pri:0, instance:digs_Smoke_Test_Cases.Invalid_Credentials@71a794e5]" name="invalidCredentials" duration-ms="13580" started-at="2019-10-28T11:11:58 PDT" data-provider="Credential" finished-at="2019-10-28T11:12:12 PDT">
          <params>
            <param index="0">
              <value>
                <![CDATA[priya]]>
              </value>
            </param>
            <param index="1">
              <value>
                <![CDATA[http://digs-uat.umusic.net/]]>
              </value>
            </param>
            <param index="2">
              <value>
                <![CDATA[Login error: Access is denied for user priya, please contact your local administrator to be granted access.]]>
              </value>
            </param>
          </params>
          <reporter-output>
            <line>
              <![CDATA[STEP23]]>
            </line>
            <line>
              <![CDATA[STEP24]]>
            </line>
            <line>
              <![CDATA[STEP25]]>
            </line>
            <line>
              <![CDATA[STEP26]]>
            </line>
          </reporter-output>
        </test-method> <!-- invalidCredentials -->
      </class> <!-- digs_Smoke_Test_Cases.Invalid_Credentials -->
      <class name="digs_Smoke_Test_Cases.Login_To_DiGS">
        <test-method status="PASS" signature="login(java.lang.String, java.lang.String)[pri:0, instance:digs_Smoke_Test_Cases.Login_To_DiGS@76329302]" name="login" duration-ms="28066" started-at="2019-10-28T11:12:12 PDT" data-provider="Credential" finished-at="2019-10-28T11:12:40 PDT">
          <params>
            <param index="0">
              <value>
                <![CDATA[amudans]]>
              </value>
            </param>
            <param index="1">
              <value>
                <![CDATA[http://digs-uat.umusic.net/]]>
              </value>
            </param>
          </params>
          <reporter-output>
            <line>
              <![CDATA[STEP27]]>
            </line>
            <line>
              <![CDATA[STEP28]]>
            </line>
            <line>
              <![CDATA[STEP29]]>
            </line>
            <line>
              <![CDATA[STEP30]]>
            </line>
            <line>
              <![CDATA[STEP31]]>
            </line>
            <line>
              <![CDATA[STEP32]]>
            </line>
          </reporter-output>
        </test-method> <!-- login -->
        <test-method status="PASS" signature="login(java.lang.String, java.lang.String)[pri:0, instance:digs_Smoke_Test_Cases.Login_To_DiGS@76329302]" name="login" duration-ms="21655" started-at="2019-10-28T11:12:40 PDT" data-provider="Credential" finished-at="2019-10-28T11:13:01 PDT">
          <params>
            <param index="0">
              <value>
                <![CDATA[lauh]]>
              </value>
            </param>
            <param index="1">
              <value>
                <![CDATA[http://digs-uat.umusic.net]]>
              </value>
            </param>
          </params>
          <reporter-output>
            <line>
              <![CDATA[STEP33]]>
            </line>
            <line>
              <![CDATA[STEP34]]>
            </line>
            <line>
              <![CDATA[STEP35]]>
            </line>
            <line>
              <![CDATA[STEP36]]>
            </line>
            <line>
              <![CDATA[STEP37]]>
            </line>
            <line>
              <![CDATA[STEP38]]>
            </line>
          </reporter-output>
        </test-method> <!-- login -->
      </class> <!-- digs_Smoke_Test_Cases.Login_To_DiGS -->
      <class name="digs_Smoke_Test_Cases.Chart_Rules_Search">
        <test-method status="PASS" signature="chartRulesSearch(java.lang.String, java.lang.String)[pri:0, instance:digs_Smoke_Test_Cases.Chart_Rules_Search@4df828d7]" name="chartRulesSearch" duration-ms="50227" started-at="2019-10-28T11:13:45 PDT" data-provider="Credentials" finished-at="2019-10-28T11:14:35 PDT">
          <params>
            <param index="0">
              <value>
                <![CDATA[amudans]]>
              </value>
            </param>
            <param index="1">
              <value>
                <![CDATA[http://digs-uat.umusic.net/]]>
              </value>
            </param>
          </params>
          <reporter-output>
            <line>
              <![CDATA[STEP45]]>
            </line>
            <line>
              <![CDATA[STEP46]]>
            </line>
            <line>
              <![CDATA[STEP47]]>
            </line>
            <line>
              <![CDATA[STEP48]]>
            </line>
            <line>
              <![CDATA[STEP49]]>
            </line>
            <line>
              <![CDATA[STEP50]]>
            </line>
            <line>
              <![CDATA[STEP51]]>
            </line>
          </reporter-output>
        </test-method> <!-- chartRulesSearch -->
      </class> <!-- digs_Smoke_Test_Cases.Chart_Rules_Search -->
      <class name="digs_Smoke_Test_Cases.User_Profile_Add_Edit_Notification">
        <test-method status="PASS" signature="userProfileAddEditNotification(java.lang.String, java.lang.String, java.lang.String)[pri:0, instance:digs_Smoke_Test_Cases.User_Profile_Add_Edit_Notification@23bb8443]" name="userProfileAddEditNotification" duration-ms="264001" started-at="2019-10-28T11:21:32 PDT" data-provider="Credential" finished-at="2019-10-28T11:25:56 PDT">
          <params>
            <param index="0">
              <value>
                <![CDATA[testlab2]]>
              </value>
            </param>
            <param index="1">
              <value>
                <![CDATA[http://digs-uat.umusic.net/]]>
              </value>
            </param>
            <param index="2">
              <value>
                <![CDATA[Cuba]]>
              </value>
            </param>
          </params>
          <reporter-output>
            <line>
              <![CDATA[STEP140]]>
            </line>
            <line>
              <![CDATA[STEP141]]>
            </line>
            <line>
              <![CDATA[STEP142]]>
            </line>
            <line>
              <![CDATA[STEP143]]>
            </line>
            <line>
              <![CDATA[STEP144]]>
            </line>
            <line>
              <![CDATA[STEP145]]>
            </line>
            <line>
              <![CDATA[STEP146]]>
            </line>
            <line>
              <![CDATA[STEP147]]>
            </line>
            <line>
              <![CDATA[STEP148]]>
            </line>
            <line>
              <![CDATA[STEP149]]>
            </line>
            <line>
              <![CDATA[STEP150]]>
            </line>
            <line>
              <![CDATA[STEP151]]>
            </line>
            <line>
              <![CDATA[STEP152]]>
            </line>
            <line>
              <![CDATA[STEP153]]>
            </line>
          </reporter-output>
        </test-method> <!-- userProfileAddEditNotification -->
      </class> <!-- digs_Smoke_Test_Cases.User_Profile_Add_Edit_Notification -->
      <class name="digs_Smoke_Test_Cases.Advanced_Search">
        <test-method status="PASS" signature="advancedSearch(java.lang.String, java.lang.String, java.lang.String, java.lang.String)[pri:0, instance:digs_Smoke_Test_Cases.Advanced_Search@1176dcec]" name="advancedSearch" duration-ms="113314" started-at="2019-10-28T11:25:56 PDT" data-provider="Credentials" finished-at="2019-10-28T11:27:49 PDT">
          <params>
            <param index="0">
              <value>
                <![CDATA[amudans]]>
              </value>
            </param>
            <param index="1">
              <value>
                <![CDATA[http://digs-uat.umusic.net/]]>
              </value>
            </param>
            <param index="2">
              <value>
                <![CDATA[Uncut]]>
              </value>
            </param>
            <param index="3">
              <value>
                <![CDATA[Video]]>
              </value>
            </param>
          </params>
          <reporter-output>
            <line>
              <![CDATA[STEP154]]>
            </line>
            <line>
              <![CDATA[STEP155]]>
            </line>
            <line>
              <![CDATA[STEP156]]>
            </line>
            <line>
              <![CDATA[STEP157]]>
            </line>
            <line>
              <![CDATA[STEP158]]>
            </line>
            <line>
              <![CDATA[STEP159]]>
            </line>
            <line>
              <![CDATA[STEP160]]>
            </line>
            <line>
              <![CDATA[STEP161]]>
            </line>
            <line>
              <![CDATA[STEP162]]>
            </line>
            <line>
              <![CDATA[STEP163]]>
            </line>
            <line>
              <![CDATA[STEP164]]>
            </line>
            <line>
              <![CDATA[STEP165]]>
            </line>
            <line>
              <![CDATA[STEP166]]>
            </line>
            <line>
              <![CDATA[STEP167]]>
            </line>
            <line>
              <![CDATA[STEP168]]>
            </line>
            <line>
              <![CDATA[STEP169]]>
            </line>
          </reporter-output>
        </test-method> <!-- advancedSearch -->
      </class> <!-- digs_Smoke_Test_Cases.Advanced_Search -->
      <class name="digs_Smoke_Test_Cases.Custom_Territory_Grouping">
        <test-method status="PASS" signature="customTerritoryGrouping(java.lang.String, java.lang.String)[pri:0, instance:digs_Smoke_Test_Cases.Custom_Territory_Grouping@3ffcd140]" name="customTerritoryGrouping" duration-ms="28366" started-at="2019-10-28T11:21:04 PDT" data-provider="Credentials" finished-at="2019-10-28T11:21:32 PDT">
          <params>
            <param index="0">
              <value>
                <![CDATA[amudans]]>
              </value>
            </param>
            <param index="1">
              <value>
                <![CDATA[http://digs-uat.umusic.net/]]>
              </value>
            </param>
          </params>
          <reporter-output>
            <line>
              <![CDATA[STEP133]]>
            </line>
            <line>
              <![CDATA[STEP134]]>
            </line>
            <line>
              <![CDATA[STEP135]]>
            </line>
            <line>
              <![CDATA[STEP136]]>
            </line>
            <line>
              <![CDATA[STEP137]]>
            </line>
            <line>
              <![CDATA[STEP138]]>
            </line>
            <line>
              <![CDATA[STEP139]]>
            </line>
          </reporter-output>
        </test-method> <!-- customTerritoryGrouping -->
      </class> <!-- digs_Smoke_Test_Cases.Custom_Territory_Grouping -->
      <class name="digs_Smoke_Test_Cases.Verify_Buttons_Local_Row_Filter">
        <test-method status="PASS" signature="localRowFilter(java.lang.String, java.lang.String, java.lang.String, java.lang.String, java.lang.String, java.lang.String, java.lang.String, java.lang.String, java.lang.String, java.lang.String, java.lang.String)[pri:0, instance:digs_Smoke_Test_Cases.Verify_Buttons_Local_Row_Filter@62fdb4a6]" name="localRowFilter" duration-ms="63922" started-at="2019-10-28T11:16:22 PDT" data-provider="UPC" finished-at="2019-10-28T11:17:26 PDT">
          <params>
            <param index="0">
              <value>
                <![CDATA[amudans]]>
              </value>
            </param>
            <param index="1">
              <value>
                <![CDATA[http://digs-uat.umusic.net/]]>
              </value>
            </param>
            <param index="2">
              <value>
                <![CDATA[00602527217727]]>
              </value>
            </param>
            <param index="3">
              <value>
                <![CDATA[ADD MARKETING TERRITORIES]]>
              </value>
            </param>
            <param index="4">
              <value>
                <![CDATA[MARKETING TERRITORIES]]>
              </value>
            </param>
            <param index="5">
              <value>
                <![CDATA[TOTAL MARKETING TERRITORIES]]>
              </value>
            </param>
            <param index="6">
              <value>
                <![CDATA[AUTO EXCLUDED TERRITORIES]]>
              </value>
            </param>
            <param index="7">
              <value>
                <![CDATA[ADD LEGAL TERRITORIES]]>
              </value>
            </param>
            <param index="8">
              <value>
                <![CDATA[LEGAL TERRITORIES]]>
              </value>
            </param>
            <param index="9">
              <value>
                <![CDATA[ADD EXCEPTION]]>
              </value>
            </param>
            <param index="10">
              <value>
                <![CDATA[EXCEPTIONS]]>
              </value>
            </param>
          </params>
          <reporter-output>
            <line>
              <![CDATA[STEP71]]>
            </line>
            <line>
              <![CDATA[STEP72]]>
            </line>
            <line>
              <![CDATA[STEP73]]>
            </line>
            <line>
              <![CDATA[STEP74]]>
            </line>
            <line>
              <![CDATA[STEP75]]>
            </line>
            <line>
              <![CDATA[STEP76]]>
            </line>
            <line>
              <![CDATA[STEP77]]>
            </line>
            <line>
              <![CDATA[STEP78]]>
            </line>
            <line>
              <![CDATA[STEP79]]>
            </line>
            <line>
              <![CDATA[STEP80]]>
            </line>
            <line>
              <![CDATA[STEP81]]>
            </line>
            <line>
              <![CDATA[STEP82]]>
            </line>
            <line>
              <![CDATA[STEP83]]>
            </line>
            <line>
              <![CDATA[STEP84]]>
            </line>
            <line>
              <![CDATA[STEP85]]>
            </line>
            <line>
              <![CDATA[STEP86]]>
            </line>
            <line>
              <![CDATA[STEP87]]>
            </line>
            <line>
              <![CDATA[STEP88]]>
            </line>
            <line>
              <![CDATA[STEP89]]>
            </line>
            <line>
              <![CDATA[STEP90]]>
            </line>
            <line>
              <![CDATA[STEP91]]>
            </line>
            <line>
              <![CDATA[STEP92]]>
            </line>
            <line>
              <![CDATA[STEP93]]>
            </line>
            <line>
              <![CDATA[STEP94]]>
            </line>
            <line>
              <![CDATA[STEP95]]>
            </line>
            <line>
              <![CDATA[STEP96]]>
            </line>
            <line>
              <![CDATA[STEP97]]>
            </line>
            <line>
              <![CDATA[STEP98]]>
            </line>
            <line>
              <![CDATA[STEP99]]>
            </line>
            <line>
              <![CDATA[STEP100]]>
            </line>
            <line>
              <![CDATA[STEP101]]>
            </line>
            <line>
              <![CDATA[STEP102]]>
            </line>
            <line>
              <![CDATA[STEP103]]>
            </line>
          </reporter-output>
        </test-method> <!-- localRowFilter -->
      </class> <!-- digs_Smoke_Test_Cases.Verify_Buttons_Local_Row_Filter -->
    </test> <!-- Default test -->
  </suite> <!-- Suite1 -->
</testng-results>
